Testing file: tabletop_se_1d_pulseq.seq
Number of blocks: 6
Number of events:
   RF:        2
   Gx:        2
   Gy:        0
   Gz:        0
   ADC:       1
   Delay:     2
Sequence duration: 0.013050s
TE: 0.010875s
TR: 0.013050s
Flip angle: 90.00°
Flip angle: 180.00°
Unique k-space positions (a.k.a. columns, rows, etc): 236
Dimensions: 1
   Spatial resolution: 0.07 mm
Repetitions/slices/contrasts: 1  range: [1 21]
Cartesian encoding trajectory detected
Block timing check passed successfully
Max. Gradient: 4946170 Hz/m == 116.17 mT/m
Max. Gradient: 0 Hz/m == 0.00 mT/m
Max. Gradient: 0 Hz/m == 0.00 mT/m
Max. Slew Rate: 3.29745e+10 Hz/m/s == 774.48 T/m/s
Max. Slew Rate: 0 Hz/m/s == 0.00 T/m/s
Max. Slew Rate: 0 Hz/m/s == 0.00 T/m/s
Max. Absolute Gradient: 4946170 Hz/m == 116.17 mT/m
Max. Absolute Slew Rate: 3.29745e+10 Hz/m/s == 774.48 T/m/s
