Testing file: tabletop_se_pulseq.seq
Number of blocks: 5
Number of events:
   RF:        2
   Gx:        0
   Gy:        0
   Gz:        0
   ADC:       1
   Delay:     2
Sequence duration: 0.015040s
TE: 0.012000s
TR: 0.015040s
Flip angle: 90.00°
Flip angle: 180.00°
Unique k-space positions (a.k.a. columns, rows, etc): 1
Block timing check failed! Error listing follows:
   Block:2 total duration:5881us [ type:delay delay:5881us ]
   Block:4 total duration:5419us [ type:delay delay:5419us ]
   Block:5 total duration:2499.84us
Max. Gradient: 0 Hz/m == 0.00 mT/m
Max. Gradient: 0 Hz/m == 0.00 mT/m
Max. Gradient: 0 Hz/m == 0.00 mT/m
Max. Slew Rate: 0 Hz/m/s == 0.00 T/m/s
Max. Slew Rate: 0 Hz/m/s == 0.00 T/m/s
Max. Slew Rate: 0 Hz/m/s == 0.00 T/m/s
Max. Absolute Gradient: 0 Hz/m == 0.00 mT/m
Max. Absolute Slew Rate: 0 Hz/m/s == 0.00 T/m/s
