Testing file: tabletop_se_2d_pulseq.seq
Number of blocks: 6
Number of events:
   RF:        2
   Gx:        2
   Gy:        1
   Gz:        0
   ADC:       1
   Delay:     2
Sequence duration: 0.014170s
TE: 0.011930s
TR: 0.014170s
Flip angle: 90.00°
Flip angle: 180.00°
Unique k-space positions (a.k.a. columns, rows, etc): 128
Unique k-space positions (a.k.a. columns, rows, etc): 1
Block timing check passed successfully
Max. Gradient: 4705880 Hz/m == 110.53 mT/m
Max. Gradient: 884354 Hz/m == 20.77 mT/m
Max. Gradient: 0 Hz/m == 0.00 mT/m
Max. Slew Rate: 3.36134e+10 Hz/m/s == 789.49 T/m/s
Max. Slew Rate: 2.94785e+10 Hz/m/s == 692.37 T/m/s
Max. Slew Rate: 0 Hz/m/s == 0.00 T/m/s
Max. Absolute Gradient: 4788255 Hz/m == 112.46 mT/m
Max. Absolute Slew Rate: 4.47084e+10 Hz/m/s == 1050.08 T/m/s
